{"C:\\spark-clothing-shop-2023\\spark-clothing-shop\\src\\App.js": {"path":"C:\\spark-clothing-shop-2023\\spark-clothing-shop\\src\\App.js","statementMap":{"0":{"start":{"line":9,"column":2},"end":{"line":17,"column":4}}},"fnMap":{"0":{"name":"App","decl":{"start":{"line":8,"column":9},"end":{"line":8,"column":12}},"loc":{"start":{"line":8,"column":15},"end":{"line":18,"column":1}},"line":8}},"branchMap":{},"s":{"0":1},"f":{"0":1},"b":{},"_coverageSchema":"1a1c01bbd47fc00a2c39e90264f33305004495a9","hash":"89941f23d523a5c50d3927f69fcd74bd288958b1"}
,"C:\\spark-clothing-shop-2023\\spark-clothing-shop\\src\\components\\Footer\\Footer.js": {"path":"C:\\spark-clothing-shop-2023\\spark-clothing-shop\\src\\components\\Footer\\Footer.js","statementMap":{"0":{"start":{"line":5,"column":15},"end":{"line":43,"column":1}},"1":{"start":{"line":6,"column":2},"end":{"line":42,"column":4}}},"fnMap":{"0":{"name":"(anonymous_0)","decl":{"start":{"line":5,"column":15},"end":{"line":5,"column":16}},"loc":{"start":{"line":5,"column":21},"end":{"line":43,"column":1}},"line":5}},"branchMap":{},"s":{"0":2,"1":2},"f":{"0":2},"b":{},"_coverageSchema":"1a1c01bbd47fc00a2c39e90264f33305004495a9","hash":"55d99d93c7b65e50f211a5b9e980c63661940ef3"}
,"C:\\spark-clothing-shop-2023\\spark-clothing-shop\\src\\components\\Header\\Header.js": {"path":"C:\\spark-clothing-shop-2023\\spark-clothing-shop\\src\\components\\Header\\Header.js","statementMap":{"0":{"start":{"line":6,"column":15},"end":{"line":37,"column":1}},"1":{"start":{"line":7,"column":2},"end":{"line":36,"column":4}}},"fnMap":{"0":{"name":"(anonymous_0)","decl":{"start":{"line":6,"column":15},"end":{"line":6,"column":16}},"loc":{"start":{"line":6,"column":21},"end":{"line":37,"column":1}},"line":6}},"branchMap":{},"s":{"0":2,"1":2},"f":{"0":2},"b":{},"_coverageSchema":"1a1c01bbd47fc00a2c39e90264f33305004495a9","hash":"a3b15dffc1a6d372fd4710de45ce668864a2e68b"}
,"C:\\spark-clothing-shop-2023\\spark-clothing-shop\\src\\components\\Navbar\\Navbar.js": {"path":"C:\\spark-clothing-shop-2023\\spark-clothing-shop\\src\\components\\Navbar\\Navbar.js","statementMap":{"0":{"start":{"line":6,"column":15},"end":{"line":20,"column":1}},"1":{"start":{"line":10,"column":2},"end":{"line":19,"column":4}},"2":{"start":{"line":23,"column":0},"end":{"line":29,"column":2}}},"fnMap":{"0":{"name":"(anonymous_0)","decl":{"start":{"line":6,"column":15},"end":{"line":6,"column":16}},"loc":{"start":{"line":6,"column":26},"end":{"line":20,"column":1}},"line":6}},"branchMap":{},"s":{"0":3,"1":12,"2":3},"f":{"0":12},"b":{},"_coverageSchema":"1a1c01bbd47fc00a2c39e90264f33305004495a9","hash":"8bbd7adda8fe18efb18a799f18cfdf966448522f"}
,"C:\\spark-clothing-shop-2023\\spark-clothing-shop\\src\\components\\PageNotFound\\PageNotFound.js": {"path":"C:\\spark-clothing-shop-2023\\spark-clothing-shop\\src\\components\\PageNotFound\\PageNotFound.js","statementMap":{"0":{"start":{"line":5,"column":21},"end":{"line":18,"column":1}},"1":{"start":{"line":6,"column":2},"end":{"line":17,"column":4}}},"fnMap":{"0":{"name":"(anonymous_0)","decl":{"start":{"line":5,"column":21},"end":{"line":5,"column":22}},"loc":{"start":{"line":5,"column":27},"end":{"line":18,"column":1}},"line":5}},"branchMap":{},"s":{"0":3,"1":1},"f":{"0":1},"b":{},"_coverageSchema":"1a1c01bbd47fc00a2c39e90264f33305004495a9","hash":"de0da1cbb439028cb96e946851f68a0a8f5a5060"}
,"C:\\spark-clothing-shop-2023\\spark-clothing-shop\\src\\containers\\NavbarList\\NavbarList.js": {"path":"C:\\spark-clothing-shop-2023\\spark-clothing-shop\\src\\containers\\NavbarList\\NavbarList.js","statementMap":{"0":{"start":{"line":5,"column":19},"end":{"line":53,"column":1}},"1":{"start":{"line":8,"column":22},"end":{"line":37,"column":3}},"2":{"start":{"line":40,"column":2},"end":{"line":52,"column":4}},"3":{"start":{"line":47,"column":10},"end":{"line":47,"column":71}}},"fnMap":{"0":{"name":"(anonymous_0)","decl":{"start":{"line":5,"column":19},"end":{"line":5,"column":20}},"loc":{"start":{"line":5,"column":25},"end":{"line":53,"column":1}},"line":5},"1":{"name":"(anonymous_1)","decl":{"start":{"line":45,"column":25},"end":{"line":45,"column":26}},"loc":{"start":{"line":45,"column":41},"end":{"line":48,"column":9}},"line":45}},"branchMap":{},"s":{"0":3,"1":3,"2":3,"3":12},"f":{"0":3,"1":12},"b":{},"_coverageSchema":"1a1c01bbd47fc00a2c39e90264f33305004495a9","hash":"6b0b69f03a6e8f26d253e13462ed4eb2aa0d9fd0"}
,"C:\\spark-clothing-shop-2023\\spark-clothing-shop\\src\\pages\\AboutUsPage\\AboutUs.js": {"path":"C:\\spark-clothing-shop-2023\\spark-clothing-shop\\src\\pages\\AboutUsPage\\AboutUs.js","statementMap":{"0":{"start":{"line":5,"column":16},"end":{"line":46,"column":1}},"1":{"start":{"line":6,"column":2},"end":{"line":45,"column":4}}},"fnMap":{"0":{"name":"(anonymous_0)","decl":{"start":{"line":5,"column":16},"end":{"line":5,"column":17}},"loc":{"start":{"line":5,"column":22},"end":{"line":46,"column":1}},"line":5}},"branchMap":{},"s":{"0":2,"1":3},"f":{"0":3},"b":{},"_coverageSchema":"1a1c01bbd47fc00a2c39e90264f33305004495a9","hash":"157ec02a5137db79d84c16fd96e866ff09f4defd"}
,"C:\\spark-clothing-shop-2023\\spark-clothing-shop\\src\\pages\\AboutUsPage\\AboutUsContent\\AboutUsContent.js": {"path":"C:\\spark-clothing-shop-2023\\spark-clothing-shop\\src\\pages\\AboutUsPage\\AboutUsContent\\AboutUsContent.js","statementMap":{"0":{"start":{"line":4,"column":23},"end":{"line":45,"column":1}},"1":{"start":{"line":6,"column":18},"end":{"line":8,"column":3}},"2":{"start":{"line":11,"column":20},"end":{"line":16,"column":3}},"3":{"start":{"line":18,"column":2},"end":{"line":44,"column":4}}},"fnMap":{"0":{"name":"(anonymous_0)","decl":{"start":{"line":4,"column":23},"end":{"line":4,"column":24}},"loc":{"start":{"line":4,"column":29},"end":{"line":45,"column":1}},"line":4}},"branchMap":{},"s":{"0":3,"1":1,"2":1,"3":1},"f":{"0":1},"b":{},"_coverageSchema":"1a1c01bbd47fc00a2c39e90264f33305004495a9","hash":"462bba4d2cc8210f4389530c33258e67ed08fb52"}
,"C:\\spark-clothing-shop-2023\\spark-clothing-shop\\src\\pages\\ContactUsPage\\ContactUsPage.js": {"path":"C:\\spark-clothing-shop-2023\\spark-clothing-shop\\src\\pages\\ContactUsPage\\ContactUsPage.js","statementMap":{"0":{"start":{"line":9,"column":22},"end":{"line":101,"column":1}},"1":{"start":{"line":10,"column":36},"end":{"line":10,"column":50}},"2":{"start":{"line":11,"column":32},"end":{"line":11,"column":47}},"3":{"start":{"line":12,"column":40},"end":{"line":12,"column":52}},"4":{"start":{"line":15,"column":2},"end":{"line":34,"column":9}},"5":{"start":{"line":18,"column":4},"end":{"line":33,"column":9}},"6":{"start":{"line":22,"column":8},"end":{"line":22,"column":25}},"7":{"start":{"line":23,"column":8},"end":{"line":23,"column":28}},"8":{"start":{"line":24,"column":8},"end":{"line":24,"column":26}},"9":{"start":{"line":25,"column":8},"end":{"line":25,"column":33}},"10":{"start":{"line":30,"column":8},"end":{"line":30,"column":28}},"11":{"start":{"line":31,"column":8},"end":{"line":31,"column":25}},"12":{"start":{"line":32,"column":8},"end":{"line":32,"column":27}},"13":{"start":{"line":37,"column":2},"end":{"line":43,"column":3}},"14":{"start":{"line":38,"column":4},"end":{"line":42,"column":6}},"15":{"start":{"line":46,"column":2},"end":{"line":48,"column":3}},"16":{"start":{"line":47,"column":4},"end":{"line":47,"column":100}},"17":{"start":{"line":50,"column":2},"end":{"line":100,"column":4}},"18":{"start":{"line":63,"column":8},"end":{"line":81,"column":10}}},"fnMap":{"0":{"name":"(anonymous_0)","decl":{"start":{"line":9,"column":22},"end":{"line":9,"column":23}},"loc":{"start":{"line":9,"column":28},"end":{"line":101,"column":1}},"line":9},"1":{"name":"(anonymous_1)","decl":{"start":{"line":15,"column":12},"end":{"line":15,"column":13}},"loc":{"start":{"line":15,"column":18},"end":{"line":34,"column":3}},"line":15},"2":{"name":"(anonymous_2)","decl":{"start":{"line":20,"column":12},"end":{"line":20,"column":13}},"loc":{"start":{"line":20,"column":21},"end":{"line":26,"column":7}},"line":20},"3":{"name":"(anonymous_3)","decl":{"start":{"line":27,"column":13},"end":{"line":27,"column":14}},"loc":{"start":{"line":27,"column":22},"end":{"line":33,"column":7}},"line":27},"4":{"name":"(anonymous_4)","decl":{"start":{"line":62,"column":24},"end":{"line":62,"column":25}},"loc":{"start":{"line":62,"column":34},"end":{"line":82,"column":7}},"line":62}},"branchMap":{"0":{"loc":{"start":{"line":37,"column":2},"end":{"line":43,"column":3}},"type":"if","locations":[{"start":{"line":37,"column":2},"end":{"line":43,"column":3}},{"start":{},"end":{}}],"line":37},"1":{"loc":{"start":{"line":46,"column":2},"end":{"line":48,"column":3}},"type":"if","locations":[{"start":{"line":46,"column":2},"end":{"line":48,"column":3}},{"start":{},"end":{}}],"line":46}},"s":{"0":2,"1":11,"2":10,"3":10,"4":10,"5":4,"6":3,"7":3,"8":3,"9":3,"10":1,"11":1,"12":1,"13":10,"14":4,"15":6,"16":1,"17":5,"18":1},"f":{"0":11,"1":4,"2":3,"3":1,"4":1},"b":{"0":[4,6],"1":[1,5]},"_coverageSchema":"1a1c01bbd47fc00a2c39e90264f33305004495a9","hash":"33e6bd594865a672e058e782ffcd81a8bf0ba11d"}
,"C:\\spark-clothing-shop-2023\\spark-clothing-shop\\src\\pages\\ContactUsPage\\ContactUsContent\\ContactUsContent.js": {"path":"C:\\spark-clothing-shop-2023\\spark-clothing-shop\\src\\pages\\ContactUsPage\\ContactUsContent\\ContactUsContent.js","statementMap":{"0":{"start":{"line":6,"column":25},"end":{"line":156,"column":1}},"1":{"start":{"line":7,"column":32},"end":{"line":7,"column":47}},"2":{"start":{"line":8,"column":32},"end":{"line":8,"column":47}},"3":{"start":{"line":12,"column":17},"end":{"line":51,"column":4}},"4":{"start":{"line":20,"column":6},"end":{"line":31,"column":11}},"5":{"start":{"line":23,"column":10},"end":{"line":23,"column":27}},"6":{"start":{"line":24,"column":10},"end":{"line":24,"column":28}},"7":{"start":{"line":25,"column":10},"end":{"line":25,"column":27}},"8":{"start":{"line":26,"column":10},"end":{"line":26,"column":36}},"9":{"start":{"line":30,"column":10},"end":{"line":30,"column":27}},"10":{"start":{"line":36,"column":19},"end":{"line":36,"column":21}},"11":{"start":{"line":37,"column":6},"end":{"line":39,"column":7}},"12":{"start":{"line":38,"column":8},"end":{"line":38,"column":39}},"13":{"start":{"line":40,"column":6},"end":{"line":42,"column":7}},"14":{"start":{"line":41,"column":8},"end":{"line":41,"column":41}},"15":{"start":{"line":43,"column":6},"end":{"line":45,"column":7}},"16":{"start":{"line":44,"column":8},"end":{"line":44,"column":41}},"17":{"start":{"line":46,"column":6},"end":{"line":48,"column":7}},"18":{"start":{"line":47,"column":8},"end":{"line":47,"column":45}},"19":{"start":{"line":49,"column":6},"end":{"line":49,"column":20}},"20":{"start":{"line":54,"column":2},"end":{"line":60,"column":3}},"21":{"start":{"line":55,"column":4},"end":{"line":59,"column":6}},"22":{"start":{"line":63,"column":2},"end":{"line":155,"column":4}}},"fnMap":{"0":{"name":"(anonymous_0)","decl":{"start":{"line":6,"column":25},"end":{"line":6,"column":26}},"loc":{"start":{"line":6,"column":31},"end":{"line":156,"column":1}},"line":6},"1":{"name":"(anonymous_1)","decl":{"start":{"line":19,"column":14},"end":{"line":19,"column":15}},"loc":{"start":{"line":19,"column":41},"end":{"line":32,"column":5}},"line":19},"2":{"name":"(anonymous_2)","decl":{"start":{"line":22,"column":14},"end":{"line":22,"column":15}},"loc":{"start":{"line":22,"column":23},"end":{"line":27,"column":9}},"line":22},"3":{"name":"(anonymous_3)","decl":{"start":{"line":28,"column":15},"end":{"line":28,"column":16}},"loc":{"start":{"line":28,"column":24},"end":{"line":31,"column":9}},"line":28},"4":{"name":"(anonymous_4)","decl":{"start":{"line":34,"column":14},"end":{"line":34,"column":15}},"loc":{"start":{"line":34,"column":26},"end":{"line":50,"column":5}},"line":34}},"branchMap":{"0":{"loc":{"start":{"line":37,"column":6},"end":{"line":39,"column":7}},"type":"if","locations":[{"start":{"line":37,"column":6},"end":{"line":39,"column":7}},{"start":{},"end":{}}],"line":37},"1":{"loc":{"start":{"line":40,"column":6},"end":{"line":42,"column":7}},"type":"if","locations":[{"start":{"line":40,"column":6},"end":{"line":42,"column":7}},{"start":{},"end":{}}],"line":40},"2":{"loc":{"start":{"line":43,"column":6},"end":{"line":45,"column":7}},"type":"if","locations":[{"start":{"line":43,"column":6},"end":{"line":45,"column":7}},{"start":{},"end":{}}],"line":43},"3":{"loc":{"start":{"line":46,"column":6},"end":{"line":48,"column":7}},"type":"if","locations":[{"start":{"line":46,"column":6},"end":{"line":48,"column":7}},{"start":{},"end":{}}],"line":46},"4":{"loc":{"start":{"line":54,"column":2},"end":{"line":60,"column":3}},"type":"if","locations":[{"start":{"line":54,"column":2},"end":{"line":60,"column":3}},{"start":{},"end":{}}],"line":54},"5":{"loc":{"start":{"line":88,"column":13},"end":{"line":90,"column":20}},"type":"cond-expr","locations":[{"start":{"line":89,"column":14},"end":{"line":89,"column":84}},{"start":{"line":90,"column":16},"end":{"line":90,"column":20}}],"line":88},"6":{"loc":{"start":{"line":103,"column":13},"end":{"line":105,"column":20}},"type":"cond-expr","locations":[{"start":{"line":104,"column":14},"end":{"line":104,"column":85}},{"start":{"line":105,"column":16},"end":{"line":105,"column":20}}],"line":103},"7":{"loc":{"start":{"line":118,"column":13},"end":{"line":120,"column":20}},"type":"cond-expr","locations":[{"start":{"line":119,"column":14},"end":{"line":119,"column":85}},{"start":{"line":120,"column":16},"end":{"line":120,"column":20}}],"line":118},"8":{"loc":{"start":{"line":133,"column":13},"end":{"line":135,"column":20}},"type":"cond-expr","locations":[{"start":{"line":134,"column":14},"end":{"line":134,"column":87}},{"start":{"line":135,"column":16},"end":{"line":135,"column":20}}],"line":133},"9":{"loc":{"start":{"line":144,"column":13},"end":{"line":150,"column":13}},"type":"cond-expr","locations":[{"start":{"line":145,"column":14},"end":{"line":147,"column":20}},{"start":{"line":149,"column":14},"end":{"line":149,"column":16}}],"line":144}},"s":{"0":2,"1":12,"2":11,"3":11,"4":1,"5":1,"6":1,"7":1,"8":1,"9":0,"10":6,"11":6,"12":1,"13":6,"14":2,"15":6,"16":3,"17":6,"18":4,"19":6,"20":11,"21":0,"22":11},"f":{"0":12,"1":1,"2":1,"3":0,"4":6},"b":{"0":[1,5],"1":[2,4],"2":[3,3],"3":[4,2],"4":[0,11],"5":[1,10],"6":[1,10],"7":[1,10],"8":[1,10],"9":[1,10]},"_coverageSchema":"1a1c01bbd47fc00a2c39e90264f33305004495a9","hash":"df5025debca98df01481073b627984efd3cb1532"}
,"C:\\spark-clothing-shop-2023\\spark-clothing-shop\\src\\pages\\HomePage\\HomePage.js": {"path":"C:\\spark-clothing-shop-2023\\spark-clothing-shop\\src\\pages\\HomePage\\HomePage.js","statementMap":{"0":{"start":{"line":6,"column":17},"end":{"line":69,"column":1}},"1":{"start":{"line":7,"column":2},"end":{"line":68,"column":4}}},"fnMap":{"0":{"name":"(anonymous_0)","decl":{"start":{"line":6,"column":17},"end":{"line":6,"column":18}},"loc":{"start":{"line":6,"column":23},"end":{"line":69,"column":1}},"line":6}},"branchMap":{},"s":{"0":3,"1":2},"f":{"0":2},"b":{},"_coverageSchema":"1a1c01bbd47fc00a2c39e90264f33305004495a9","hash":"08cbc9afca0cf92f96bb0e33cff2c8ce3a0d4ab9"}
,"C:\\spark-clothing-shop-2023\\spark-clothing-shop\\src\\pages\\ProductsPage\\ProductsPage.js": {"path":"C:\\spark-clothing-shop-2023\\spark-clothing-shop\\src\\pages\\ProductsPage\\ProductsPage.js","statementMap":{"0":{"start":{"line":9,"column":17},"end":{"line":9,"column":64}},"1":{"start":{"line":9,"column":23},"end":{"line":9,"column":64}},"2":{"start":{"line":11,"column":21},"end":{"line":136,"column":1}},"3":{"start":{"line":12,"column":36},"end":{"line":12,"column":50}},"4":{"start":{"line":13,"column":32},"end":{"line":13,"column":47}},"5":{"start":{"line":14,"column":40},"end":{"line":14,"column":52}},"6":{"start":{"line":15,"column":12},"end":{"line":15,"column":16}},"7":{"start":{"line":16,"column":14},"end":{"line":16,"column":24}},"8":{"start":{"line":17,"column":19},"end":{"line":17,"column":40}},"9":{"start":{"line":19,"column":2},"end":{"line":27,"column":3}},"10":{"start":{"line":20,"column":4},"end":{"line":20,"column":56}},"11":{"start":{"line":21,"column":9},"end":{"line":27,"column":3}},"12":{"start":{"line":22,"column":4},"end":{"line":22,"column":58}},"13":{"start":{"line":23,"column":9},"end":{"line":27,"column":3}},"14":{"start":{"line":24,"column":4},"end":{"line":24,"column":56}},"15":{"start":{"line":26,"column":4},"end":{"line":26,"column":43}},"16":{"start":{"line":29,"column":2},"end":{"line":49,"column":12}},"17":{"start":{"line":30,"column":4},"end":{"line":48,"column":9}},"18":{"start":{"line":34,"column":8},"end":{"line":34,"column":28}},"19":{"start":{"line":35,"column":8},"end":{"line":35,"column":26}},"20":{"start":{"line":36,"column":8},"end":{"line":36,"column":33}},"21":{"start":{"line":41,"column":8},"end":{"line":41,"column":28}},"22":{"start":{"line":42,"column":8},"end":{"line":42,"column":25}},"23":{"start":{"line":43,"column":8},"end":{"line":43,"column":27}},"24":{"start":{"line":52,"column":2},"end":{"line":60,"column":3}},"25":{"start":{"line":54,"column":4},"end":{"line":59,"column":6}},"26":{"start":{"line":63,"column":2},"end":{"line":70,"column":3}},"27":{"start":{"line":65,"column":4},"end":{"line":69,"column":6}},"28":{"start":{"line":73,"column":2},"end":{"line":135,"column":4}},"29":{"start":{"line":94,"column":16},"end":{"line":127,"column":18}}},"fnMap":{"0":{"name":"(anonymous_0)","decl":{"start":{"line":9,"column":17},"end":{"line":9,"column":18}},"loc":{"start":{"line":9,"column":23},"end":{"line":9,"column":64}},"line":9},"1":{"name":"(anonymous_1)","decl":{"start":{"line":11,"column":21},"end":{"line":11,"column":22}},"loc":{"start":{"line":11,"column":27},"end":{"line":136,"column":1}},"line":11},"2":{"name":"(anonymous_2)","decl":{"start":{"line":29,"column":12},"end":{"line":29,"column":13}},"loc":{"start":{"line":29,"column":18},"end":{"line":49,"column":3}},"line":29},"3":{"name":"(anonymous_3)","decl":{"start":{"line":32,"column":12},"end":{"line":32,"column":13}},"loc":{"start":{"line":32,"column":21},"end":{"line":37,"column":7}},"line":32},"4":{"name":"(anonymous_4)","decl":{"start":{"line":38,"column":13},"end":{"line":38,"column":14}},"loc":{"start":{"line":38,"column":22},"end":{"line":44,"column":7}},"line":38},"5":{"name":"(anonymous_5)","decl":{"start":{"line":45,"column":15},"end":{"line":45,"column":16}},"loc":{"start":{"line":45,"column":21},"end":{"line":48,"column":7}},"line":45},"6":{"name":"(anonymous_6)","decl":{"start":{"line":93,"column":32},"end":{"line":93,"column":33}},"loc":{"start":{"line":93,"column":45},"end":{"line":128,"column":15}},"line":93}},"branchMap":{"0":{"loc":{"start":{"line":19,"column":2},"end":{"line":27,"column":3}},"type":"if","locations":[{"start":{"line":19,"column":2},"end":{"line":27,"column":3}},{"start":{"line":21,"column":9},"end":{"line":27,"column":3}}],"line":19},"1":{"loc":{"start":{"line":21,"column":9},"end":{"line":27,"column":3}},"type":"if","locations":[{"start":{"line":21,"column":9},"end":{"line":27,"column":3}},{"start":{"line":23,"column":9},"end":{"line":27,"column":3}}],"line":21},"2":{"loc":{"start":{"line":23,"column":9},"end":{"line":27,"column":3}},"type":"if","locations":[{"start":{"line":23,"column":9},"end":{"line":27,"column":3}},{"start":{"line":25,"column":9},"end":{"line":27,"column":3}}],"line":23},"3":{"loc":{"start":{"line":52,"column":2},"end":{"line":60,"column":3}},"type":"if","locations":[{"start":{"line":52,"column":2},"end":{"line":60,"column":3}},{"start":{},"end":{}}],"line":52},"4":{"loc":{"start":{"line":63,"column":2},"end":{"line":70,"column":3}},"type":"if","locations":[{"start":{"line":63,"column":2},"end":{"line":70,"column":3}},{"start":{},"end":{}}],"line":63}},"s":{"0":3,"1":3,"2":3,"3":4,"4":3,"5":3,"6":3,"7":3,"8":3,"9":3,"10":0,"11":3,"12":0,"13":3,"14":0,"15":3,"16":3,"17":2,"18":1,"19":1,"20":1,"21":1,"22":1,"23":1,"24":3,"25":2,"26":1,"27":1,"28":0,"29":0},"f":{"0":3,"1":4,"2":2,"3":1,"4":1,"5":2,"6":0},"b":{"0":[0,3],"1":[0,3],"2":[0,3],"3":[2,1],"4":[1,0]},"_coverageSchema":"1a1c01bbd47fc00a2c39e90264f33305004495a9","hash":"c74affacbbb220c2542cdfea57d2aa0164294a54"}
,"C:\\spark-clothing-shop-2023\\spark-clothing-shop\\src\\pages\\ProductsPage\\Feedback\\Feedback.js": {"path":"C:\\spark-clothing-shop-2023\\spark-clothing-shop\\src\\pages\\ProductsPage\\Feedback\\Feedback.js","statementMap":{"0":{"start":{"line":9,"column":13},"end":{"line":14,"column":1}},"1":{"start":{"line":16,"column":17},"end":{"line":264,"column":1}},"2":{"start":{"line":17,"column":36},"end":{"line":17,"column":51}},"3":{"start":{"line":18,"column":32},"end":{"line":18,"column":47}},"4":{"start":{"line":19,"column":32},"end":{"line":19,"column":47}},"5":{"start":{"line":20,"column":40},"end":{"line":20,"column":55}},"6":{"start":{"line":22,"column":30},"end":{"line":22,"column":42}},"7":{"start":{"line":23,"column":28},"end":{"line":23,"column":40}},"8":{"start":{"line":25,"column":16},"end":{"line":25,"column":27}},"9":{"start":{"line":26,"column":17},"end":{"line":26,"column":22}},"10":{"start":{"line":30,"column":17},"end":{"line":100,"column":4}},"11":{"start":{"line":39,"column":6},"end":{"line":78,"column":11}},"12":{"start":{"line":42,"column":10},"end":{"line":42,"column":30}},"13":{"start":{"line":43,"column":10},"end":{"line":43,"column":28}},"14":{"start":{"line":44,"column":23},"end":{"line":44,"column":31}},"15":{"start":{"line":46,"column":26},"end":{"line":46,"column":38}},"16":{"start":{"line":47,"column":29},"end":{"line":47,"column":85}},"17":{"start":{"line":47,"column":56},"end":{"line":47,"column":84}},"18":{"start":{"line":49,"column":10},"end":{"line":72,"column":11}},"19":{"start":{"line":50,"column":12},"end":{"line":50,"column":43}},"20":{"start":{"line":51,"column":12},"end":{"line":51,"column":38}},"21":{"start":{"line":53,"column":12},"end":{"line":59,"column":15}},"22":{"start":{"line":55,"column":14},"end":{"line":55,"column":31}},"23":{"start":{"line":56,"column":14},"end":{"line":56,"column":32}},"24":{"start":{"line":57,"column":14},"end":{"line":57,"column":28}},"25":{"start":{"line":60,"column":12},"end":{"line":69,"column":15}},"26":{"start":{"line":62,"column":14},"end":{"line":62,"column":32}},"27":{"start":{"line":64,"column":14},"end":{"line":64,"column":40}},"28":{"start":{"line":67,"column":14},"end":{"line":67,"column":31}},"29":{"start":{"line":71,"column":12},"end":{"line":71,"column":33}},"30":{"start":{"line":76,"column":10},"end":{"line":76,"column":27}},"31":{"start":{"line":83,"column":19},"end":{"line":83,"column":21}},"32":{"start":{"line":84,"column":6},"end":{"line":86,"column":7}},"33":{"start":{"line":85,"column":8},"end":{"line":85,"column":39}},"34":{"start":{"line":87,"column":6},"end":{"line":89,"column":7}},"35":{"start":{"line":88,"column":8},"end":{"line":88,"column":41}},"36":{"start":{"line":90,"column":6},"end":{"line":92,"column":7}},"37":{"start":{"line":91,"column":8},"end":{"line":91,"column":41}},"38":{"start":{"line":93,"column":6},"end":{"line":97,"column":7}},"39":{"start":{"line":94,"column":8},"end":{"line":94,"column":47}},"40":{"start":{"line":95,"column":13},"end":{"line":97,"column":7}},"41":{"start":{"line":96,"column":8},"end":{"line":96,"column":53}},"42":{"start":{"line":98,"column":6},"end":{"line":98,"column":20}},"43":{"start":{"line":102,"column":2},"end":{"line":110,"column":3}},"44":{"start":{"line":104,"column":4},"end":{"line":109,"column":6}},"45":{"start":{"line":112,"column":2},"end":{"line":119,"column":3}},"46":{"start":{"line":114,"column":4},"end":{"line":118,"column":6}},"47":{"start":{"line":121,"column":2},"end":{"line":263,"column":4}},"48":{"start":{"line":210,"column":38},"end":{"line":210,"column":43}},"49":{"start":{"line":211,"column":18},"end":{"line":211,"column":38}},"50":{"start":{"line":212,"column":18},"end":{"line":231,"column":20}},"51":{"start":{"line":217,"column":39},"end":{"line":217,"column":61}},"52":{"start":{"line":227,"column":44},"end":{"line":227,"column":65}},"53":{"start":{"line":228,"column":44},"end":{"line":228,"column":58}}},"fnMap":{"0":{"name":"(anonymous_0)","decl":{"start":{"line":16,"column":17},"end":{"line":16,"column":18}},"loc":{"start":{"line":16,"column":23},"end":{"line":264,"column":1}},"line":16},"1":{"name":"(anonymous_1)","decl":{"start":{"line":38,"column":14},"end":{"line":38,"column":15}},"loc":{"start":{"line":38,"column":41},"end":{"line":79,"column":5}},"line":38},"2":{"name":"(anonymous_2)","decl":{"start":{"line":41,"column":14},"end":{"line":41,"column":15}},"loc":{"start":{"line":41,"column":23},"end":{"line":73,"column":9}},"line":41},"3":{"name":"(anonymous_3)","decl":{"start":{"line":47,"column":44},"end":{"line":47,"column":45}},"loc":{"start":{"line":47,"column":56},"end":{"line":47,"column":84}},"line":47},"4":{"name":"(anonymous_4)","decl":{"start":{"line":53,"column":73},"end":{"line":53,"column":74}},"loc":{"start":{"line":53,"column":82},"end":{"line":59,"column":13}},"line":53},"5":{"name":"(anonymous_5)","decl":{"start":{"line":60,"column":23},"end":{"line":60,"column":24}},"loc":{"start":{"line":60,"column":29},"end":{"line":65,"column":13}},"line":60},"6":{"name":"(anonymous_6)","decl":{"start":{"line":65,"column":27},"end":{"line":65,"column":28}},"loc":{"start":{"line":65,"column":36},"end":{"line":69,"column":13}},"line":65},"7":{"name":"(anonymous_7)","decl":{"start":{"line":74,"column":15},"end":{"line":74,"column":16}},"loc":{"start":{"line":74,"column":24},"end":{"line":78,"column":9}},"line":74},"8":{"name":"(anonymous_8)","decl":{"start":{"line":81,"column":14},"end":{"line":81,"column":15}},"loc":{"start":{"line":81,"column":26},"end":{"line":99,"column":5}},"line":81},"9":{"name":"(anonymous_9)","decl":{"start":{"line":208,"column":35},"end":{"line":208,"column":36}},"loc":{"start":{"line":208,"column":48},"end":{"line":232,"column":17}},"line":208},"10":{"name":"(anonymous_10)","decl":{"start":{"line":217,"column":33},"end":{"line":217,"column":34}},"loc":{"start":{"line":217,"column":39},"end":{"line":217,"column":61}},"line":217},"11":{"name":"(anonymous_11)","decl":{"start":{"line":227,"column":38},"end":{"line":227,"column":39}},"loc":{"start":{"line":227,"column":44},"end":{"line":227,"column":65}},"line":227},"12":{"name":"(anonymous_12)","decl":{"start":{"line":228,"column":38},"end":{"line":228,"column":39}},"loc":{"start":{"line":228,"column":44},"end":{"line":228,"column":58}},"line":228}},"branchMap":{"0":{"loc":{"start":{"line":49,"column":10},"end":{"line":72,"column":11}},"type":"if","locations":[{"start":{"line":49,"column":10},"end":{"line":72,"column":11}},{"start":{"line":70,"column":17},"end":{"line":72,"column":11}}],"line":49},"1":{"loc":{"start":{"line":84,"column":6},"end":{"line":86,"column":7}},"type":"if","locations":[{"start":{"line":84,"column":6},"end":{"line":86,"column":7}},{"start":{},"end":{}}],"line":84},"2":{"loc":{"start":{"line":87,"column":6},"end":{"line":89,"column":7}},"type":"if","locations":[{"start":{"line":87,"column":6},"end":{"line":89,"column":7}},{"start":{},"end":{}}],"line":87},"3":{"loc":{"start":{"line":90,"column":6},"end":{"line":92,"column":7}},"type":"if","locations":[{"start":{"line":90,"column":6},"end":{"line":92,"column":7}},{"start":{},"end":{}}],"line":90},"4":{"loc":{"start":{"line":93,"column":6},"end":{"line":97,"column":7}},"type":"if","locations":[{"start":{"line":93,"column":6},"end":{"line":97,"column":7}},{"start":{"line":95,"column":13},"end":{"line":97,"column":7}}],"line":93},"5":{"loc":{"start":{"line":95,"column":13},"end":{"line":97,"column":7}},"type":"if","locations":[{"start":{"line":95,"column":13},"end":{"line":97,"column":7}},{"start":{},"end":{}}],"line":95},"6":{"loc":{"start":{"line":102,"column":2},"end":{"line":110,"column":3}},"type":"if","locations":[{"start":{"line":102,"column":2},"end":{"line":110,"column":3}},{"start":{},"end":{}}],"line":102},"7":{"loc":{"start":{"line":112,"column":2},"end":{"line":119,"column":3}},"type":"if","locations":[{"start":{"line":112,"column":2},"end":{"line":119,"column":3}},{"start":{},"end":{}}],"line":112},"8":{"loc":{"start":{"line":146,"column":13},"end":{"line":148,"column":20}},"type":"cond-expr","locations":[{"start":{"line":147,"column":14},"end":{"line":147,"column":84}},{"start":{"line":148,"column":16},"end":{"line":148,"column":20}}],"line":146},"9":{"loc":{"start":{"line":162,"column":13},"end":{"line":164,"column":20}},"type":"cond-expr","locations":[{"start":{"line":163,"column":14},"end":{"line":163,"column":85}},{"start":{"line":164,"column":16},"end":{"line":164,"column":20}}],"line":162},"10":{"loc":{"start":{"line":181,"column":11},"end":{"line":183,"column":18}},"type":"cond-expr","locations":[{"start":{"line":182,"column":12},"end":{"line":182,"column":83}},{"start":{"line":183,"column":14},"end":{"line":183,"column":18}}],"line":181},"11":{"loc":{"start":{"line":198,"column":11},"end":{"line":200,"column":18}},"type":"cond-expr","locations":[{"start":{"line":199,"column":12},"end":{"line":199,"column":86}},{"start":{"line":200,"column":14},"end":{"line":200,"column":18}}],"line":198},"12":{"loc":{"start":{"line":224,"column":31},"end":{"line":224,"column":87}},"type":"cond-expr","locations":[{"start":{"line":224,"column":66},"end":{"line":224,"column":75}},{"start":{"line":224,"column":78},"end":{"line":224,"column":87}}],"line":224},"13":{"loc":{"start":{"line":224,"column":47},"end":{"line":224,"column":62}},"type":"binary-expr","locations":[{"start":{"line":224,"column":47},"end":{"line":224,"column":52}},{"start":{"line":224,"column":56},"end":{"line":224,"column":62}}],"line":224},"14":{"loc":{"start":{"line":244,"column":17},"end":{"line":250,"column":17}},"type":"cond-expr","locations":[{"start":{"line":245,"column":18},"end":{"line":247,"column":24}},{"start":{"line":249,"column":18},"end":{"line":249,"column":20}}],"line":244},"15":{"loc":{"start":{"line":252,"column":17},"end":{"line":256,"column":17}},"type":"cond-expr","locations":[{"start":{"line":253,"column":18},"end":{"line":253,"column":85}},{"start":{"line":255,"column":18},"end":{"line":255,"column":20}}],"line":252}},"s":{"0":3,"1":3,"2":15,"3":14,"4":14,"5":14,"6":14,"7":14,"8":14,"9":14,"10":14,"11":1,"12":1,"13":1,"14":1,"15":1,"16":1,"17":1,"18":1,"19":0,"20":0,"21":0,"22":0,"23":0,"24":0,"25":0,"26":0,"27":0,"28":0,"29":1,"30":0,"31":7,"32":7,"33":2,"34":7,"35":3,"36":7,"37":4,"38":7,"39":5,"40":2,"41":0,"42":7,"43":14,"44":0,"45":14,"46":0,"47":14,"48":70,"49":70,"50":70,"51":1,"52":0,"53":0},"f":{"0":15,"1":1,"2":1,"3":1,"4":0,"5":0,"6":0,"7":0,"8":7,"9":70,"10":1,"11":0,"12":0},"b":{"0":[0,1],"1":[2,5],"2":[3,4],"3":[4,3],"4":[5,2],"5":[0,2],"6":[0,14],"7":[0,14],"8":[1,13],"9":[1,13],"10":[1,13],"11":[1,13],"12":[5,65],"13":[70,70],"14":[0,14],"15":[1,13]},"_coverageSchema":"1a1c01bbd47fc00a2c39e90264f33305004495a9","hash":"d8f06c0d5f95d6697044450f397c1c1e01ee7d3b"}
,"C:\\spark-clothing-shop-2023\\spark-clothing-shop\\src\\pages\\ProductsPage\\ProductDetails\\ProductDetails.js": {"path":"C:\\spark-clothing-shop-2023\\spark-clothing-shop\\src\\pages\\ProductsPage\\ProductDetails\\ProductDetails.js","statementMap":{"0":{"start":{"line":7,"column":23},"end":{"line":99,"column":1}},"1":{"start":{"line":8,"column":17},"end":{"line":8,"column":28}},"2":{"start":{"line":9,"column":36},"end":{"line":9,"column":50}},"3":{"start":{"line":10,"column":32},"end":{"line":10,"column":47}},"4":{"start":{"line":11,"column":44},"end":{"line":11,"column":56}},"5":{"start":{"line":13,"column":2},"end":{"line":33,"column":9}},"6":{"start":{"line":14,"column":4},"end":{"line":32,"column":9}},"7":{"start":{"line":18,"column":8},"end":{"line":18,"column":28}},"8":{"start":{"line":19,"column":8},"end":{"line":19,"column":26}},"9":{"start":{"line":20,"column":8},"end":{"line":20,"column":35}},"10":{"start":{"line":24,"column":8},"end":{"line":24,"column":25}},"11":{"start":{"line":25,"column":8},"end":{"line":25,"column":28}},"12":{"start":{"line":26,"column":8},"end":{"line":26,"column":25}},"13":{"start":{"line":27,"column":8},"end":{"line":27,"column":29}},"14":{"start":{"line":31,"column":8},"end":{"line":31,"column":36}},"15":{"start":{"line":36,"column":2},"end":{"line":42,"column":3}},"16":{"start":{"line":37,"column":4},"end":{"line":41,"column":6}},"17":{"start":{"line":45,"column":2},"end":{"line":51,"column":3}},"18":{"start":{"line":46,"column":4},"end":{"line":50,"column":6}},"19":{"start":{"line":53,"column":2},"end":{"line":98,"column":4}}},"fnMap":{"0":{"name":"(anonymous_0)","decl":{"start":{"line":7,"column":23},"end":{"line":7,"column":24}},"loc":{"start":{"line":7,"column":29},"end":{"line":99,"column":1}},"line":7},"1":{"name":"(anonymous_1)","decl":{"start":{"line":13,"column":12},"end":{"line":13,"column":13}},"loc":{"start":{"line":13,"column":18},"end":{"line":33,"column":3}},"line":13},"2":{"name":"(anonymous_2)","decl":{"start":{"line":16,"column":12},"end":{"line":16,"column":13}},"loc":{"start":{"line":16,"column":21},"end":{"line":21,"column":7}},"line":16},"3":{"name":"(anonymous_3)","decl":{"start":{"line":22,"column":13},"end":{"line":22,"column":14}},"loc":{"start":{"line":22,"column":22},"end":{"line":28,"column":7}},"line":22},"4":{"name":"(anonymous_4)","decl":{"start":{"line":29,"column":15},"end":{"line":29,"column":16}},"loc":{"start":{"line":29,"column":21},"end":{"line":32,"column":7}},"line":29}},"branchMap":{"0":{"loc":{"start":{"line":36,"column":2},"end":{"line":42,"column":3}},"type":"if","locations":[{"start":{"line":36,"column":2},"end":{"line":42,"column":3}},{"start":{},"end":{}}],"line":36},"1":{"loc":{"start":{"line":45,"column":2},"end":{"line":51,"column":3}},"type":"if","locations":[{"start":{"line":45,"column":2},"end":{"line":51,"column":3}},{"start":{},"end":{}}],"line":45}},"s":{"0":3,"1":4,"2":3,"3":3,"4":3,"5":3,"6":2,"7":1,"8":1,"9":1,"10":1,"11":1,"12":1,"13":1,"14":2,"15":3,"16":2,"17":1,"18":1,"19":0},"f":{"0":4,"1":2,"2":1,"3":1,"4":2},"b":{"0":[2,1],"1":[1,0]},"_coverageSchema":"1a1c01bbd47fc00a2c39e90264f33305004495a9","hash":"057e97e0ae3bfeac08c7b2370f00b511c656569f"}
,"C:\\spark-clothing-shop-2023\\spark-clothing-shop\\src\\pages\\ProductsPage\\TabProducts\\TabProducts.js": {"path":"C:\\spark-clothing-shop-2023\\spark-clothing-shop\\src\\pages\\ProductsPage\\TabProducts\\TabProducts.js","statementMap":{"0":{"start":{"line":5,"column":20},"end":{"line":36,"column":1}},"1":{"start":{"line":7,"column":27},"end":{"line":23,"column":3}},"2":{"start":{"line":25,"column":2},"end":{"line":35,"column":4}},"3":{"start":{"line":29,"column":10},"end":{"line":31,"column":20}},"4":{"start":{"line":39,"column":0},"end":{"line":43,"column":2}}},"fnMap":{"0":{"name":"(anonymous_0)","decl":{"start":{"line":5,"column":20},"end":{"line":5,"column":21}},"loc":{"start":{"line":5,"column":26},"end":{"line":36,"column":1}},"line":5},"1":{"name":"(anonymous_1)","decl":{"start":{"line":28,"column":30},"end":{"line":28,"column":31}},"loc":{"start":{"line":29,"column":10},"end":{"line":31,"column":20}},"line":29}},"branchMap":{},"s":{"0":4,"1":2,"2":2,"3":6,"4":4},"f":{"0":2,"1":6},"b":{},"_coverageSchema":"1a1c01bbd47fc00a2c39e90264f33305004495a9","hash":"997a36ce415186541bf9e4e9f51fc980596221e0"}
,"C:\\spark-clothing-shop-2023\\spark-clothing-shop\\src\\routes\\appRoutes\\appRoutes.js": {"path":"C:\\spark-clothing-shop-2023\\spark-clothing-shop\\src\\routes\\appRoutes\\appRoutes.js","statementMap":{"0":{"start":{"line":13,"column":16},"end":{"line":13,"column":75}},"1":{"start":{"line":13,"column":33},"end":{"line":13,"column":74}},"2":{"start":{"line":14,"column":22},"end":{"line":14,"column":89}},"3":{"start":{"line":14,"column":39},"end":{"line":14,"column":88}},"4":{"start":{"line":15,"column":25},"end":{"line":17,"column":1}},"5":{"start":{"line":16,"column":2},"end":{"line":16,"column":71}},"6":{"start":{"line":20,"column":2},"end":{"line":33,"column":13}}},"fnMap":{"0":{"name":"(anonymous_0)","decl":{"start":{"line":13,"column":27},"end":{"line":13,"column":28}},"loc":{"start":{"line":13,"column":33},"end":{"line":13,"column":74}},"line":13},"1":{"name":"(anonymous_1)","decl":{"start":{"line":14,"column":33},"end":{"line":14,"column":34}},"loc":{"start":{"line":14,"column":39},"end":{"line":14,"column":88}},"line":14},"2":{"name":"(anonymous_2)","decl":{"start":{"line":15,"column":36},"end":{"line":15,"column":37}},"loc":{"start":{"line":16,"column":2},"end":{"line":16,"column":71}},"line":16}},"branchMap":{},"s":{"0":2,"1":1,"2":2,"3":1,"4":2,"5":1,"6":2},"f":{"0":1,"1":1,"2":1},"b":{},"_coverageSchema":"1a1c01bbd47fc00a2c39e90264f33305004495a9","hash":"89f15a68acc5d9956cbdbb6453c19054620a8840"}
}
